<?xml version="1.0" encoding="UTF-8"?>
<!-- Generated by org.testng.reporters.JUnitReportReporter -->
<testsuite hostname="LTIN184745" failures="0" tests="5" name="TestCases.TC_003_GiftCards" time="182.100" errors="0" timestamp="2024-06-19T12:25:57 IST" skipped="0">
  <testcase classname="TestCases.TC_003_GiftCards" name="searchbookshelves" time="43.625"/>
  <testcase classname="TestCases.TC_003_GiftCards" name="Items" time="15.548"/>
  <testcase classname="TestCases.TC_003_GiftCards" name="ClickGiftCards" time="95.131"/>
  <testcase classname="TestCases.TC_003_GiftCards" name="GetErrorMsg" time="10.049"/>
  <testcase classname="TestCases.TC_003_GiftCards" name="ValidateDetails" time="17.747"/>
</testsuite> <!-- TestCases.TC_003_GiftCards -->
